The system is: Linux - 3.4.0+ - x86_64
Compiling the C compiler identification source file "CMakeCCompilerId.c" succeeded.
Compiler: /root/anaconda3/envs/sss/bin/cc 
Build flags: 
Id flags: 

The output was:
0


Compilation of the C compiler identification source "CMakeCCompilerId.c" produced "a.out"

The C compiler identification is GNU, found in "/root/testbed/test_c++mp2/build/CMakeFiles/3.7.1/CompilerIdC/a.out"

Compiling the CXX compiler identification source file "CMakeCXXCompilerId.cpp" succeeded.
Compiler: /root/anaconda3/envs/sss/bin/c++ 
Build flags: 
Id flags: 

The output was:
0


Compilation of the CXX compiler identification source "CMakeCXXCompilerId.cpp" produced "a.out"

The CXX compiler identification is GNU, found in "/root/testbed/test_c++mp2/build/CMakeFiles/3.7.1/CompilerIdCXX/a.out"

Determining if the C compiler works passed with the following output:
Change Dir: /root/testbed/test_c++mp2/build/CMakeFiles/CMakeTmp

Run Build Command:"/usr/bin/make" "cmTC_d9114/fast"
/usr/bin/make -f CMakeFiles/cmTC_d9114.dir/build.make CMakeFiles/cmTC_d9114.dir/build
make[1]: Entering directory `/root/testbed/test_c++mp2/build/CMakeFiles/CMakeTmp'
Building C object CMakeFiles/cmTC_d9114.dir/testCCompiler.c.o
/root/anaconda3/envs/sss/bin/cc     -o CMakeFiles/cmTC_d9114.dir/testCCompiler.c.o   -c /root/testbed/test_c++mp2/build/CMakeFiles/CMakeTmp/testCCompiler.c
Linking C executable cmTC_d9114
/root/cmake-3.7.1/bin/cmake -E cmake_link_script CMakeFiles/cmTC_d9114.dir/link.txt --verbose=1
/root/anaconda3/envs/sss/bin/cc       CMakeFiles/cmTC_d9114.dir/testCCompiler.c.o  -o cmTC_d9114 -rdynamic 
make[1]: Leaving directory `/root/testbed/test_c++mp2/build/CMakeFiles/CMakeTmp'


Detecting C compiler ABI info compiled with the following output:
Change Dir: /root/testbed/test_c++mp2/build/CMakeFiles/CMakeTmp

Run Build Command:"/usr/bin/make" "cmTC_7a8b7/fast"
/usr/bin/make -f CMakeFiles/cmTC_7a8b7.dir/build.make CMakeFiles/cmTC_7a8b7.dir/build
make[1]: Entering directory `/root/testbed/test_c++mp2/build/CMakeFiles/CMakeTmp'
Building C object CMakeFiles/cmTC_7a8b7.dir/CMakeCCompilerABI.c.o
/root/anaconda3/envs/sss/bin/cc     -o CMakeFiles/cmTC_7a8b7.dir/CMakeCCompilerABI.c.o   -c /root/cmake-3.7.1/Modules/CMakeCCompilerABI.c
Linking C executable cmTC_7a8b7
/root/cmake-3.7.1/bin/cmake -E cmake_link_script CMakeFiles/cmTC_7a8b7.dir/link.txt --verbose=1
/root/anaconda3/envs/sss/bin/cc      -v CMakeFiles/cmTC_7a8b7.dir/CMakeCCompilerABI.c.o  -o cmTC_7a8b7 -rdynamic  
Reading specs from /root/anaconda3/envs/sss/lib/gcc/x86_64-unknown-linux-gnu/5.2.0/specs
COLLECT_GCC=/root/anaconda3/envs/sss/bin/cc
COLLECT_LTO_WRAPPER=/root/anaconda3/envs/sss/gcc/libexec/gcc/x86_64-unknown-linux-gnu/5.2.0/lto-wrapper
Target: x86_64-unknown-linux-gnu
Configured with: ./configure --prefix=/root/anaconda3/envs/sss/gcc --with-gxx-include-dir=/root/anaconda3/envs/sss/gcc/include/c++ --bindir=/root/anaconda3/envs/sss/bin --datarootdir=/root/anaconda3/envs/sss/share --libdir=/root/anaconda3/envs/sss/lib --with-gmp=/root/anaconda3/envs/sss --with-mpfr=/root/anaconda3/envs/sss --with-mpc=/root/anaconda3/envs/sss --with-isl=/root/anaconda3/envs/sss --with-cloog=/root/anaconda3/envs/sss --enable-checking=release --with-tune=generic --disable-multilib
Thread model: posix
gcc version 5.2.0 (GCC) 
COMPILER_PATH=/root/anaconda3/envs/sss/gcc/libexec/gcc/x86_64-unknown-linux-gnu/5.2.0/:/root/anaconda3/envs/sss/gcc/libexec/gcc/x86_64-unknown-linux-gnu/5.2.0/:/root/anaconda3/envs/sss/gcc/libexec/gcc/x86_64-unknown-linux-gnu/:/root/anaconda3/envs/sss/lib/gcc/x86_64-unknown-linux-gnu/5.2.0/:/root/anaconda3/envs/sss/lib/gcc/x86_64-unknown-linux-gnu/
LIBRARY_PATH=/root/anaconda3/envs/sss/lib/gcc/x86_64-unknown-linux-gnu/5.2.0/:/lib/../lib64/:/root/anaconda3/envs/sss/lib/gcc/x86_64-unknown-linux-gnu/5.2.0/../../../:/lib/:/usr/lib/
COLLECT_GCC_OPTIONS='-v' '-o' 'cmTC_7a8b7' '-rdynamic' '-mtune=generic' '-march=x86-64'
 /root/anaconda3/envs/sss/gcc/libexec/gcc/x86_64-unknown-linux-gnu/5.2.0/collect2 --eh-frame-hdr -m elf_x86_64 -export-dynamic -dynamic-linker /lib64/ld-linux-x86-64.so.2 -o cmTC_7a8b7 /root/anaconda3/envs/sss/lib/gcc/x86_64-unknown-linux-gnu/5.2.0/crt1.o /root/anaconda3/envs/sss/lib/gcc/x86_64-unknown-linux-gnu/5.2.0/crti.o /root/anaconda3/envs/sss/lib/gcc/x86_64-unknown-linux-gnu/5.2.0/crtbegin.o -L/root/anaconda3/envs/sss/lib/gcc/x86_64-unknown-linux-gnu/5.2.0 -L/lib/../lib64 -L/root/anaconda3/envs/sss/lib/gcc/x86_64-unknown-linux-gnu/5.2.0/../../.. CMakeFiles/cmTC_7a8b7.dir/CMakeCCompilerABI.c.o -lgcc --as-needed -lgcc_s --no-as-needed -lc -lgcc --as-needed -lgcc_s --no-as-needed /root/anaconda3/envs/sss/lib/gcc/x86_64-unknown-linux-gnu/5.2.0/crtend.o /root/anaconda3/envs/sss/lib/gcc/x86_64-unknown-linux-gnu/5.2.0/crtn.o
make[1]: Leaving directory `/root/testbed/test_c++mp2/build/CMakeFiles/CMakeTmp'


Parsed C implicit link information from above output:
  link line regex: [^( *|.*[/\])(ld|([^/\]+-)?ld|collect2)[^/\]*( |$)]
  ignore line: [Change Dir: /root/testbed/test_c++mp2/build/CMakeFiles/CMakeTmp]
  ignore line: []
  ignore line: [Run Build Command:"/usr/bin/make" "cmTC_7a8b7/fast"]
  ignore line: [/usr/bin/make -f CMakeFiles/cmTC_7a8b7.dir/build.make CMakeFiles/cmTC_7a8b7.dir/build]
  ignore line: [make[1]: Entering directory `/root/testbed/test_c++mp2/build/CMakeFiles/CMakeTmp']
  ignore line: [Building C object CMakeFiles/cmTC_7a8b7.dir/CMakeCCompilerABI.c.o]
  ignore line: [/root/anaconda3/envs/sss/bin/cc     -o CMakeFiles/cmTC_7a8b7.dir/CMakeCCompilerABI.c.o   -c /root/cmake-3.7.1/Modules/CMakeCCompilerABI.c]
  ignore line: [Linking C executable cmTC_7a8b7]
  ignore line: [/root/cmake-3.7.1/bin/cmake -E cmake_link_script CMakeFiles/cmTC_7a8b7.dir/link.txt --verbose=1]
  ignore line: [/root/anaconda3/envs/sss/bin/cc      -v CMakeFiles/cmTC_7a8b7.dir/CMakeCCompilerABI.c.o  -o cmTC_7a8b7 -rdynamic  ]
  ignore line: [Reading specs from /root/anaconda3/envs/sss/lib/gcc/x86_64-unknown-linux-gnu/5.2.0/specs]
  ignore line: [COLLECT_GCC=/root/anaconda3/envs/sss/bin/cc]
  ignore line: [COLLECT_LTO_WRAPPER=/root/anaconda3/envs/sss/gcc/libexec/gcc/x86_64-unknown-linux-gnu/5.2.0/lto-wrapper]
  ignore line: [Target: x86_64-unknown-linux-gnu]
  ignore line: [Configured with: ./configure --prefix=/root/anaconda3/envs/sss/gcc --with-gxx-include-dir=/root/anaconda3/envs/sss/gcc/include/c++ --bindir=/root/anaconda3/envs/sss/bin --datarootdir=/root/anaconda3/envs/sss/share --libdir=/root/anaconda3/envs/sss/lib --with-gmp=/root/anaconda3/envs/sss --with-mpfr=/root/anaconda3/envs/sss --with-mpc=/root/anaconda3/envs/sss --with-isl=/root/anaconda3/envs/sss --with-cloog=/root/anaconda3/envs/sss --enable-checking=release --with-tune=generic --disable-multilib]
  ignore line: [Thread model: posix]
  ignore line: [gcc version 5.2.0 (GCC) ]
  ignore line: [COMPILER_PATH=/root/anaconda3/envs/sss/gcc/libexec/gcc/x86_64-unknown-linux-gnu/5.2.0/:/root/anaconda3/envs/sss/gcc/libexec/gcc/x86_64-unknown-linux-gnu/5.2.0/:/root/anaconda3/envs/sss/gcc/libexec/gcc/x86_64-unknown-linux-gnu/:/root/anaconda3/envs/sss/lib/gcc/x86_64-unknown-linux-gnu/5.2.0/:/root/anaconda3/envs/sss/lib/gcc/x86_64-unknown-linux-gnu/]
  ignore line: [LIBRARY_PATH=/root/anaconda3/envs/sss/lib/gcc/x86_64-unknown-linux-gnu/5.2.0/:/lib/../lib64/:/root/anaconda3/envs/sss/lib/gcc/x86_64-unknown-linux-gnu/5.2.0/../../../:/lib/:/usr/lib/]
  ignore line: [COLLECT_GCC_OPTIONS='-v' '-o' 'cmTC_7a8b7' '-rdynamic' '-mtune=generic' '-march=x86-64']
  link line: [ /root/anaconda3/envs/sss/gcc/libexec/gcc/x86_64-unknown-linux-gnu/5.2.0/collect2 --eh-frame-hdr -m elf_x86_64 -export-dynamic -dynamic-linker /lib64/ld-linux-x86-64.so.2 -o cmTC_7a8b7 /root/anaconda3/envs/sss/lib/gcc/x86_64-unknown-linux-gnu/5.2.0/crt1.o /root/anaconda3/envs/sss/lib/gcc/x86_64-unknown-linux-gnu/5.2.0/crti.o /root/anaconda3/envs/sss/lib/gcc/x86_64-unknown-linux-gnu/5.2.0/crtbegin.o -L/root/anaconda3/envs/sss/lib/gcc/x86_64-unknown-linux-gnu/5.2.0 -L/lib/../lib64 -L/root/anaconda3/envs/sss/lib/gcc/x86_64-unknown-linux-gnu/5.2.0/../../.. CMakeFiles/cmTC_7a8b7.dir/CMakeCCompilerABI.c.o -lgcc --as-needed -lgcc_s --no-as-needed -lc -lgcc --as-needed -lgcc_s --no-as-needed /root/anaconda3/envs/sss/lib/gcc/x86_64-unknown-linux-gnu/5.2.0/crtend.o /root/anaconda3/envs/sss/lib/gcc/x86_64-unknown-linux-gnu/5.2.0/crtn.o]
    arg [/root/anaconda3/envs/sss/gcc/libexec/gcc/x86_64-unknown-linux-gnu/5.2.0/collect2] ==> ignore
    arg [--eh-frame-hdr] ==> ignore
    arg [-m] ==> ignore
    arg [elf_x86_64] ==> ignore
    arg [-export-dynamic] ==> ignore
    arg [-dynamic-linker] ==> ignore
    arg [/lib64/ld-linux-x86-64.so.2] ==> ignore
    arg [-o] ==> ignore
    arg [cmTC_7a8b7] ==> ignore
    arg [/root/anaconda3/envs/sss/lib/gcc/x86_64-unknown-linux-gnu/5.2.0/crt1.o] ==> ignore
    arg [/root/anaconda3/envs/sss/lib/gcc/x86_64-unknown-linux-gnu/5.2.0/crti.o] ==> ignore
    arg [/root/anaconda3/envs/sss/lib/gcc/x86_64-unknown-linux-gnu/5.2.0/crtbegin.o] ==> ignore
    arg [-L/root/anaconda3/envs/sss/lib/gcc/x86_64-unknown-linux-gnu/5.2.0] ==> dir [/root/anaconda3/envs/sss/lib/gcc/x86_64-unknown-linux-gnu/5.2.0]
    arg [-L/lib/../lib64] ==> dir [/lib/../lib64]
    arg [-L/root/anaconda3/envs/sss/lib/gcc/x86_64-unknown-linux-gnu/5.2.0/../../..] ==> dir [/root/anaconda3/envs/sss/lib/gcc/x86_64-unknown-linux-gnu/5.2.0/../../..]
    arg [CMakeFiles/cmTC_7a8b7.dir/CMakeCCompilerABI.c.o] ==> ignore
    arg [-lgcc] ==> lib [gcc]
    arg [--as-needed] ==> ignore
    arg [-lgcc_s] ==> lib [gcc_s]
    arg [--no-as-needed] ==> ignore
    arg [-lc] ==> lib [c]
    arg [-lgcc] ==> lib [gcc]
    arg [--as-needed] ==> ignore
    arg [-lgcc_s] ==> lib [gcc_s]
    arg [--no-as-needed] ==> ignore
    arg [/root/anaconda3/envs/sss/lib/gcc/x86_64-unknown-linux-gnu/5.2.0/crtend.o] ==> ignore
    arg [/root/anaconda3/envs/sss/lib/gcc/x86_64-unknown-linux-gnu/5.2.0/crtn.o] ==> ignore
  remove lib [gcc]
  remove lib [gcc_s]
  remove lib [gcc]
  remove lib [gcc_s]
  collapse library dir [/root/anaconda3/envs/sss/lib/gcc/x86_64-unknown-linux-gnu/5.2.0] ==> [/root/anaconda3/envs/sss/lib/gcc/x86_64-unknown-linux-gnu/5.2.0]
  collapse library dir [/lib/../lib64] ==> [/lib64]
  collapse library dir [/root/anaconda3/envs/sss/lib/gcc/x86_64-unknown-linux-gnu/5.2.0/../../..] ==> [/root/anaconda3/envs/sss/lib]
  implicit libs: [c]
  implicit dirs: [/root/anaconda3/envs/sss/lib/gcc/x86_64-unknown-linux-gnu/5.2.0;/lib64;/root/anaconda3/envs/sss/lib]
  implicit fwks: []




Detecting C [-std=c11] compiler features compiled with the following output:
Change Dir: /root/testbed/test_c++mp2/build/CMakeFiles/CMakeTmp

Run Build Command:"/usr/bin/make" "cmTC_9b99c/fast"
/usr/bin/make -f CMakeFiles/cmTC_9b99c.dir/build.make CMakeFiles/cmTC_9b99c.dir/build
make[1]: Entering directory `/root/testbed/test_c++mp2/build/CMakeFiles/CMakeTmp'
Building C object CMakeFiles/cmTC_9b99c.dir/feature_tests.c.o
/root/anaconda3/envs/sss/bin/cc    -std=c11 -o CMakeFiles/cmTC_9b99c.dir/feature_tests.c.o   -c /root/testbed/test_c++mp2/build/CMakeFiles/feature_tests.c
Linking C executable cmTC_9b99c
/root/cmake-3.7.1/bin/cmake -E cmake_link_script CMakeFiles/cmTC_9b99c.dir/link.txt --verbose=1
/root/anaconda3/envs/sss/bin/cc       CMakeFiles/cmTC_9b99c.dir/feature_tests.c.o  -o cmTC_9b99c -rdynamic 
make[1]: Leaving directory `/root/testbed/test_c++mp2/build/CMakeFiles/CMakeTmp'


    Feature record: C_FEATURE:1c_function_prototypes
    Feature record: C_FEATURE:1c_restrict
    Feature record: C_FEATURE:1c_static_assert
    Feature record: C_FEATURE:1c_variadic_macros


Detecting C [-std=c99] compiler features compiled with the following output:
Change Dir: /root/testbed/test_c++mp2/build/CMakeFiles/CMakeTmp

Run Build Command:"/usr/bin/make" "cmTC_9a382/fast"
/usr/bin/make -f CMakeFiles/cmTC_9a382.dir/build.make CMakeFiles/cmTC_9a382.dir/build
make[1]: Entering directory `/root/testbed/test_c++mp2/build/CMakeFiles/CMakeTmp'
Building C object CMakeFiles/cmTC_9a382.dir/feature_tests.c.o
/root/anaconda3/envs/sss/bin/cc    -std=c99 -o CMakeFiles/cmTC_9a382.dir/feature_tests.c.o   -c /root/testbed/test_c++mp2/build/CMakeFiles/feature_tests.c
Linking C executable cmTC_9a382
/root/cmake-3.7.1/bin/cmake -E cmake_link_script CMakeFiles/cmTC_9a382.dir/link.txt --verbose=1
/root/anaconda3/envs/sss/bin/cc       CMakeFiles/cmTC_9a382.dir/feature_tests.c.o  -o cmTC_9a382 -rdynamic 
make[1]: Leaving directory `/root/testbed/test_c++mp2/build/CMakeFiles/CMakeTmp'


    Feature record: C_FEATURE:1c_function_prototypes
    Feature record: C_FEATURE:1c_restrict
    Feature record: C_FEATURE:0c_static_assert
    Feature record: C_FEATURE:1c_variadic_macros


Detecting C [-std=c90] compiler features compiled with the following output:
Change Dir: /root/testbed/test_c++mp2/build/CMakeFiles/CMakeTmp

Run Build Command:"/usr/bin/make" "cmTC_28a7b/fast"
/usr/bin/make -f CMakeFiles/cmTC_28a7b.dir/build.make CMakeFiles/cmTC_28a7b.dir/build
make[1]: Entering directory `/root/testbed/test_c++mp2/build/CMakeFiles/CMakeTmp'
Building C object CMakeFiles/cmTC_28a7b.dir/feature_tests.c.o
/root/anaconda3/envs/sss/bin/cc    -std=c90 -o CMakeFiles/cmTC_28a7b.dir/feature_tests.c.o   -c /root/testbed/test_c++mp2/build/CMakeFiles/feature_tests.c
Linking C executable cmTC_28a7b
/root/cmake-3.7.1/bin/cmake -E cmake_link_script CMakeFiles/cmTC_28a7b.dir/link.txt --verbose=1
/root/anaconda3/envs/sss/bin/cc       CMakeFiles/cmTC_28a7b.dir/feature_tests.c.o  -o cmTC_28a7b -rdynamic 
make[1]: Leaving directory `/root/testbed/test_c++mp2/build/CMakeFiles/CMakeTmp'


    Feature record: C_FEATURE:1c_function_prototypes
    Feature record: C_FEATURE:0c_restrict
    Feature record: C_FEATURE:0c_static_assert
    Feature record: C_FEATURE:0c_variadic_macros
Determining if the CXX compiler works passed with the following output:
Change Dir: /root/testbed/test_c++mp2/build/CMakeFiles/CMakeTmp

Run Build Command:"/usr/bin/make" "cmTC_7693d/fast"
/usr/bin/make -f CMakeFiles/cmTC_7693d.dir/build.make CMakeFiles/cmTC_7693d.dir/build
make[1]: Entering directory `/root/testbed/test_c++mp2/build/CMakeFiles/CMakeTmp'
Building CXX object CMakeFiles/cmTC_7693d.dir/testCXXCompiler.cxx.o
/root/anaconda3/envs/sss/bin/c++      -o CMakeFiles/cmTC_7693d.dir/testCXXCompiler.cxx.o -c /root/testbed/test_c++mp2/build/CMakeFiles/CMakeTmp/testCXXCompiler.cxx
Linking CXX executable cmTC_7693d
/root/cmake-3.7.1/bin/cmake -E cmake_link_script CMakeFiles/cmTC_7693d.dir/link.txt --verbose=1
/root/anaconda3/envs/sss/bin/c++        CMakeFiles/cmTC_7693d.dir/testCXXCompiler.cxx.o  -o cmTC_7693d -rdynamic 
make[1]: Leaving directory `/root/testbed/test_c++mp2/build/CMakeFiles/CMakeTmp'


Detecting CXX compiler ABI info compiled with the following output:
Change Dir: /root/testbed/test_c++mp2/build/CMakeFiles/CMakeTmp

Run Build Command:"/usr/bin/make" "cmTC_2e1ac/fast"
/usr/bin/make -f CMakeFiles/cmTC_2e1ac.dir/build.make CMakeFiles/cmTC_2e1ac.dir/build
make[1]: Entering directory `/root/testbed/test_c++mp2/build/CMakeFiles/CMakeTmp'
Building CXX object CMakeFiles/cmTC_2e1ac.dir/CMakeCXXCompilerABI.cpp.o
/root/anaconda3/envs/sss/bin/c++      -o CMakeFiles/cmTC_2e1ac.dir/CMakeCXXCompilerABI.cpp.o -c /root/cmake-3.7.1/Modules/CMakeCXXCompilerABI.cpp
Linking CXX executable cmTC_2e1ac
/root/cmake-3.7.1/bin/cmake -E cmake_link_script CMakeFiles/cmTC_2e1ac.dir/link.txt --verbose=1
/root/anaconda3/envs/sss/bin/c++       -v CMakeFiles/cmTC_2e1ac.dir/CMakeCXXCompilerABI.cpp.o  -o cmTC_2e1ac -rdynamic  
Reading specs from /root/anaconda3/envs/sss/lib/gcc/x86_64-unknown-linux-gnu/5.2.0/specs
COLLECT_GCC=/root/anaconda3/envs/sss/bin/c++
COLLECT_LTO_WRAPPER=/root/anaconda3/envs/sss/gcc/libexec/gcc/x86_64-unknown-linux-gnu/5.2.0/lto-wrapper
Target: x86_64-unknown-linux-gnu
Configured with: ./configure --prefix=/root/anaconda3/envs/sss/gcc --with-gxx-include-dir=/root/anaconda3/envs/sss/gcc/include/c++ --bindir=/root/anaconda3/envs/sss/bin --datarootdir=/root/anaconda3/envs/sss/share --libdir=/root/anaconda3/envs/sss/lib --with-gmp=/root/anaconda3/envs/sss --with-mpfr=/root/anaconda3/envs/sss --with-mpc=/root/anaconda3/envs/sss --with-isl=/root/anaconda3/envs/sss --with-cloog=/root/anaconda3/envs/sss --enable-checking=release --with-tune=generic --disable-multilib
Thread model: posix
gcc version 5.2.0 (GCC) 
COMPILER_PATH=/root/anaconda3/envs/sss/gcc/libexec/gcc/x86_64-unknown-linux-gnu/5.2.0/:/root/anaconda3/envs/sss/gcc/libexec/gcc/x86_64-unknown-linux-gnu/5.2.0/:/root/anaconda3/envs/sss/gcc/libexec/gcc/x86_64-unknown-linux-gnu/:/root/anaconda3/envs/sss/lib/gcc/x86_64-unknown-linux-gnu/5.2.0/:/root/anaconda3/envs/sss/lib/gcc/x86_64-unknown-linux-gnu/
LIBRARY_PATH=/root/anaconda3/envs/sss/lib/gcc/x86_64-unknown-linux-gnu/5.2.0/:/lib/../lib64/:/root/anaconda3/envs/sss/lib/gcc/x86_64-unknown-linux-gnu/5.2.0/../../../:/lib/:/usr/lib/
COLLECT_GCC_OPTIONS='-v' '-o' 'cmTC_2e1ac' '-rdynamic' '-shared-libgcc' '-mtune=generic' '-march=x86-64'
 /root/anaconda3/envs/sss/gcc/libexec/gcc/x86_64-unknown-linux-gnu/5.2.0/collect2 --eh-frame-hdr -m elf_x86_64 -export-dynamic -dynamic-linker /lib64/ld-linux-x86-64.so.2 -o cmTC_2e1ac /root/anaconda3/envs/sss/lib/gcc/x86_64-unknown-linux-gnu/5.2.0/crt1.o /root/anaconda3/envs/sss/lib/gcc/x86_64-unknown-linux-gnu/5.2.0/crti.o /root/anaconda3/envs/sss/lib/gcc/x86_64-unknown-linux-gnu/5.2.0/crtbegin.o -L/root/anaconda3/envs/sss/lib/gcc/x86_64-unknown-linux-gnu/5.2.0 -L/lib/../lib64 -L/root/anaconda3/envs/sss/lib/gcc/x86_64-unknown-linux-gnu/5.2.0/../../.. CMakeFiles/cmTC_2e1ac.dir/CMakeCXXCompilerABI.cpp.o -lstdc++ -lm -lgcc_s -lgcc -lc -lgcc_s -lgcc /root/anaconda3/envs/sss/lib/gcc/x86_64-unknown-linux-gnu/5.2.0/crtend.o /root/anaconda3/envs/sss/lib/gcc/x86_64-unknown-linux-gnu/5.2.0/crtn.o
make[1]: Leaving directory `/root/testbed/test_c++mp2/build/CMakeFiles/CMakeTmp'


Parsed CXX implicit link information from above output:
  link line regex: [^( *|.*[/\])(ld|([^/\]+-)?ld|collect2)[^/\]*( |$)]
  ignore line: [Change Dir: /root/testbed/test_c++mp2/build/CMakeFiles/CMakeTmp]
  ignore line: []
  ignore line: [Run Build Command:"/usr/bin/make" "cmTC_2e1ac/fast"]
  ignore line: [/usr/bin/make -f CMakeFiles/cmTC_2e1ac.dir/build.make CMakeFiles/cmTC_2e1ac.dir/build]
  ignore line: [make[1]: Entering directory `/root/testbed/test_c++mp2/build/CMakeFiles/CMakeTmp']
  ignore line: [Building CXX object CMakeFiles/cmTC_2e1ac.dir/CMakeCXXCompilerABI.cpp.o]
  ignore line: [/root/anaconda3/envs/sss/bin/c++      -o CMakeFiles/cmTC_2e1ac.dir/CMakeCXXCompilerABI.cpp.o -c /root/cmake-3.7.1/Modules/CMakeCXXCompilerABI.cpp]
  ignore line: [Linking CXX executable cmTC_2e1ac]
  ignore line: [/root/cmake-3.7.1/bin/cmake -E cmake_link_script CMakeFiles/cmTC_2e1ac.dir/link.txt --verbose=1]
  ignore line: [/root/anaconda3/envs/sss/bin/c++       -v CMakeFiles/cmTC_2e1ac.dir/CMakeCXXCompilerABI.cpp.o  -o cmTC_2e1ac -rdynamic  ]
  ignore line: [Reading specs from /root/anaconda3/envs/sss/lib/gcc/x86_64-unknown-linux-gnu/5.2.0/specs]
  ignore line: [COLLECT_GCC=/root/anaconda3/envs/sss/bin/c++]
  ignore line: [COLLECT_LTO_WRAPPER=/root/anaconda3/envs/sss/gcc/libexec/gcc/x86_64-unknown-linux-gnu/5.2.0/lto-wrapper]
  ignore line: [Target: x86_64-unknown-linux-gnu]
  ignore line: [Configured with: ./configure --prefix=/root/anaconda3/envs/sss/gcc --with-gxx-include-dir=/root/anaconda3/envs/sss/gcc/include/c++ --bindir=/root/anaconda3/envs/sss/bin --datarootdir=/root/anaconda3/envs/sss/share --libdir=/root/anaconda3/envs/sss/lib --with-gmp=/root/anaconda3/envs/sss --with-mpfr=/root/anaconda3/envs/sss --with-mpc=/root/anaconda3/envs/sss --with-isl=/root/anaconda3/envs/sss --with-cloog=/root/anaconda3/envs/sss --enable-checking=release --with-tune=generic --disable-multilib]
  ignore line: [Thread model: posix]
  ignore line: [gcc version 5.2.0 (GCC) ]
  ignore line: [COMPILER_PATH=/root/anaconda3/envs/sss/gcc/libexec/gcc/x86_64-unknown-linux-gnu/5.2.0/:/root/anaconda3/envs/sss/gcc/libexec/gcc/x86_64-unknown-linux-gnu/5.2.0/:/root/anaconda3/envs/sss/gcc/libexec/gcc/x86_64-unknown-linux-gnu/:/root/anaconda3/envs/sss/lib/gcc/x86_64-unknown-linux-gnu/5.2.0/:/root/anaconda3/envs/sss/lib/gcc/x86_64-unknown-linux-gnu/]
  ignore line: [LIBRARY_PATH=/root/anaconda3/envs/sss/lib/gcc/x86_64-unknown-linux-gnu/5.2.0/:/lib/../lib64/:/root/anaconda3/envs/sss/lib/gcc/x86_64-unknown-linux-gnu/5.2.0/../../../:/lib/:/usr/lib/]
  ignore line: [COLLECT_GCC_OPTIONS='-v' '-o' 'cmTC_2e1ac' '-rdynamic' '-shared-libgcc' '-mtune=generic' '-march=x86-64']
  link line: [ /root/anaconda3/envs/sss/gcc/libexec/gcc/x86_64-unknown-linux-gnu/5.2.0/collect2 --eh-frame-hdr -m elf_x86_64 -export-dynamic -dynamic-linker /lib64/ld-linux-x86-64.so.2 -o cmTC_2e1ac /root/anaconda3/envs/sss/lib/gcc/x86_64-unknown-linux-gnu/5.2.0/crt1.o /root/anaconda3/envs/sss/lib/gcc/x86_64-unknown-linux-gnu/5.2.0/crti.o /root/anaconda3/envs/sss/lib/gcc/x86_64-unknown-linux-gnu/5.2.0/crtbegin.o -L/root/anaconda3/envs/sss/lib/gcc/x86_64-unknown-linux-gnu/5.2.0 -L/lib/../lib64 -L/root/anaconda3/envs/sss/lib/gcc/x86_64-unknown-linux-gnu/5.2.0/../../.. CMakeFiles/cmTC_2e1ac.dir/CMakeCXXCompilerABI.cpp.o -lstdc++ -lm -lgcc_s -lgcc -lc -lgcc_s -lgcc /root/anaconda3/envs/sss/lib/gcc/x86_64-unknown-linux-gnu/5.2.0/crtend.o /root/anaconda3/envs/sss/lib/gcc/x86_64-unknown-linux-gnu/5.2.0/crtn.o]
    arg [/root/anaconda3/envs/sss/gcc/libexec/gcc/x86_64-unknown-linux-gnu/5.2.0/collect2] ==> ignore
    arg [--eh-frame-hdr] ==> ignore
    arg [-m] ==> ignore
    arg [elf_x86_64] ==> ignore
    arg [-export-dynamic] ==> ignore
    arg [-dynamic-linker] ==> ignore
    arg [/lib64/ld-linux-x86-64.so.2] ==> ignore
    arg [-o] ==> ignore
    arg [cmTC_2e1ac] ==> ignore
    arg [/root/anaconda3/envs/sss/lib/gcc/x86_64-unknown-linux-gnu/5.2.0/crt1.o] ==> ignore
    arg [/root/anaconda3/envs/sss/lib/gcc/x86_64-unknown-linux-gnu/5.2.0/crti.o] ==> ignore
    arg [/root/anaconda3/envs/sss/lib/gcc/x86_64-unknown-linux-gnu/5.2.0/crtbegin.o] ==> ignore
    arg [-L/root/anaconda3/envs/sss/lib/gcc/x86_64-unknown-linux-gnu/5.2.0] ==> dir [/root/anaconda3/envs/sss/lib/gcc/x86_64-unknown-linux-gnu/5.2.0]
    arg [-L/lib/../lib64] ==> dir [/lib/../lib64]
    arg [-L/root/anaconda3/envs/sss/lib/gcc/x86_64-unknown-linux-gnu/5.2.0/../../..] ==> dir [/root/anaconda3/envs/sss/lib/gcc/x86_64-unknown-linux-gnu/5.2.0/../../..]
    arg [CMakeFiles/cmTC_2e1ac.dir/CMakeCXXCompilerABI.cpp.o] ==> ignore
    arg [-lstdc++] ==> lib [stdc++]
    arg [-lm] ==> lib [m]
    arg [-lgcc_s] ==> lib [gcc_s]
    arg [-lgcc] ==> lib [gcc]
    arg [-lc] ==> lib [c]
    arg [-lgcc_s] ==> lib [gcc_s]
    arg [-lgcc] ==> lib [gcc]
    arg [/root/anaconda3/envs/sss/lib/gcc/x86_64-unknown-linux-gnu/5.2.0/crtend.o] ==> ignore
    arg [/root/anaconda3/envs/sss/lib/gcc/x86_64-unknown-linux-gnu/5.2.0/crtn.o] ==> ignore
  remove lib [gcc_s]
  remove lib [gcc]
  remove lib [gcc_s]
  remove lib [gcc]
  collapse library dir [/root/anaconda3/envs/sss/lib/gcc/x86_64-unknown-linux-gnu/5.2.0] ==> [/root/anaconda3/envs/sss/lib/gcc/x86_64-unknown-linux-gnu/5.2.0]
  collapse library dir [/lib/../lib64] ==> [/lib64]
  collapse library dir [/root/anaconda3/envs/sss/lib/gcc/x86_64-unknown-linux-gnu/5.2.0/../../..] ==> [/root/anaconda3/envs/sss/lib]
  implicit libs: [stdc++;m;c]
  implicit dirs: [/root/anaconda3/envs/sss/lib/gcc/x86_64-unknown-linux-gnu/5.2.0;/lib64;/root/anaconda3/envs/sss/lib]
  implicit fwks: []




Detecting CXX [-std=c++14] compiler features compiled with the following output:
Change Dir: /root/testbed/test_c++mp2/build/CMakeFiles/CMakeTmp

Run Build Command:"/usr/bin/make" "cmTC_c9c3c/fast"
/usr/bin/make -f CMakeFiles/cmTC_c9c3c.dir/build.make CMakeFiles/cmTC_c9c3c.dir/build
make[1]: Entering directory `/root/testbed/test_c++mp2/build/CMakeFiles/CMakeTmp'
Building CXX object CMakeFiles/cmTC_c9c3c.dir/feature_tests.cxx.o
/root/anaconda3/envs/sss/bin/c++     -std=c++14 -o CMakeFiles/cmTC_c9c3c.dir/feature_tests.cxx.o -c /root/testbed/test_c++mp2/build/CMakeFiles/feature_tests.cxx
Linking CXX executable cmTC_c9c3c
/root/cmake-3.7.1/bin/cmake -E cmake_link_script CMakeFiles/cmTC_c9c3c.dir/link.txt --verbose=1
/root/anaconda3/envs/sss/bin/c++        CMakeFiles/cmTC_c9c3c.dir/feature_tests.cxx.o  -o cmTC_c9c3c -rdynamic 
make[1]: Leaving directory `/root/testbed/test_c++mp2/build/CMakeFiles/CMakeTmp'


    Feature record: CXX_FEATURE:1cxx_aggregate_default_initializers
    Feature record: CXX_FEATURE:1cxx_alias_templates
    Feature record: CXX_FEATURE:1cxx_alignas
    Feature record: CXX_FEATURE:1cxx_alignof
    Feature record: CXX_FEATURE:1cxx_attributes
    Feature record: CXX_FEATURE:1cxx_attribute_deprecated
    Feature record: CXX_FEATURE:1cxx_auto_type
    Feature record: CXX_FEATURE:1cxx_binary_literals
    Feature record: CXX_FEATURE:1cxx_constexpr
    Feature record: CXX_FEATURE:1cxx_contextual_conversions
    Feature record: CXX_FEATURE:1cxx_decltype
    Feature record: CXX_FEATURE:1cxx_decltype_auto
    Feature record: CXX_FEATURE:1cxx_decltype_incomplete_return_types
    Feature record: CXX_FEATURE:1cxx_default_function_template_args
    Feature record: CXX_FEATURE:1cxx_defaulted_functions
    Feature record: CXX_FEATURE:1cxx_defaulted_move_initializers
    Feature record: CXX_FEATURE:1cxx_delegating_constructors
    Feature record: CXX_FEATURE:1cxx_deleted_functions
    Feature record: CXX_FEATURE:1cxx_digit_separators
    Feature record: CXX_FEATURE:1cxx_enum_forward_declarations
    Feature record: CXX_FEATURE:1cxx_explicit_conversions
    Feature record: CXX_FEATURE:1cxx_extended_friend_declarations
    Feature record: CXX_FEATURE:1cxx_extern_templates
    Feature record: CXX_FEATURE:1cxx_final
    Feature record: CXX_FEATURE:1cxx_func_identifier
    Feature record: CXX_FEATURE:1cxx_generalized_initializers
    Feature record: CXX_FEATURE:1cxx_generic_lambdas
    Feature record: CXX_FEATURE:1cxx_inheriting_constructors
    Feature record: CXX_FEATURE:1cxx_inline_namespaces
    Feature record: CXX_FEATURE:1cxx_lambdas
    Feature record: CXX_FEATURE:1cxx_lambda_init_captures
    Feature record: CXX_FEATURE:1cxx_local_type_template_args
    Feature record: CXX_FEATURE:1cxx_long_long_type
    Feature record: CXX_FEATURE:1cxx_noexcept
    Feature record: CXX_FEATURE:1cxx_nonstatic_member_init
    Feature record: CXX_FEATURE:1cxx_nullptr
    Feature record: CXX_FEATURE:1cxx_override
    Feature record: CXX_FEATURE:1cxx_range_for
    Feature record: CXX_FEATURE:1cxx_raw_string_literals
    Feature record: CXX_FEATURE:1cxx_reference_qualified_functions
    Feature record: CXX_FEATURE:1cxx_relaxed_constexpr
    Feature record: CXX_FEATURE:1cxx_return_type_deduction
    Feature record: CXX_FEATURE:1cxx_right_angle_brackets
    Feature record: CXX_FEATURE:1cxx_rvalue_references
    Feature record: CXX_FEATURE:1cxx_sizeof_member
    Feature record: CXX_FEATURE:1cxx_static_assert
    Feature record: CXX_FEATURE:1cxx_strong_enums
    Feature record: CXX_FEATURE:1cxx_template_template_parameters
    Feature record: CXX_FEATURE:1cxx_thread_local
    Feature record: CXX_FEATURE:1cxx_trailing_return_types
    Feature record: CXX_FEATURE:1cxx_unicode_literals
    Feature record: CXX_FEATURE:1cxx_uniform_initialization
    Feature record: CXX_FEATURE:1cxx_unrestricted_unions
    Feature record: CXX_FEATURE:1cxx_user_literals
    Feature record: CXX_FEATURE:1cxx_variable_templates
    Feature record: CXX_FEATURE:1cxx_variadic_macros
    Feature record: CXX_FEATURE:1cxx_variadic_templates


Detecting CXX [-std=c++11] compiler features compiled with the following output:
Change Dir: /root/testbed/test_c++mp2/build/CMakeFiles/CMakeTmp

Run Build Command:"/usr/bin/make" "cmTC_12a24/fast"
/usr/bin/make -f CMakeFiles/cmTC_12a24.dir/build.make CMakeFiles/cmTC_12a24.dir/build
make[1]: Entering directory `/root/testbed/test_c++mp2/build/CMakeFiles/CMakeTmp'
Building CXX object CMakeFiles/cmTC_12a24.dir/feature_tests.cxx.o
/root/anaconda3/envs/sss/bin/c++     -std=c++11 -o CMakeFiles/cmTC_12a24.dir/feature_tests.cxx.o -c /root/testbed/test_c++mp2/build/CMakeFiles/feature_tests.cxx
Linking CXX executable cmTC_12a24
/root/cmake-3.7.1/bin/cmake -E cmake_link_script CMakeFiles/cmTC_12a24.dir/link.txt --verbose=1
/root/anaconda3/envs/sss/bin/c++        CMakeFiles/cmTC_12a24.dir/feature_tests.cxx.o  -o cmTC_12a24 -rdynamic 
make[1]: Leaving directory `/root/testbed/test_c++mp2/build/CMakeFiles/CMakeTmp'


    Feature record: CXX_FEATURE:0cxx_aggregate_default_initializers
    Feature record: CXX_FEATURE:1cxx_alias_templates
    Feature record: CXX_FEATURE:1cxx_alignas
    Feature record: CXX_FEATURE:1cxx_alignof
    Feature record: CXX_FEATURE:1cxx_attributes
    Feature record: CXX_FEATURE:0cxx_attribute_deprecated
    Feature record: CXX_FEATURE:1cxx_auto_type
    Feature record: CXX_FEATURE:0cxx_binary_literals
    Feature record: CXX_FEATURE:1cxx_constexpr
    Feature record: CXX_FEATURE:0cxx_contextual_conversions
    Feature record: CXX_FEATURE:1cxx_decltype
    Feature record: CXX_FEATURE:0cxx_decltype_auto
    Feature record: CXX_FEATURE:1cxx_decltype_incomplete_return_types
    Feature record: CXX_FEATURE:1cxx_default_function_template_args
    Feature record: CXX_FEATURE:1cxx_defaulted_functions
    Feature record: CXX_FEATURE:1cxx_defaulted_move_initializers
    Feature record: CXX_FEATURE:1cxx_delegating_constructors
    Feature record: CXX_FEATURE:1cxx_deleted_functions
    Feature record: CXX_FEATURE:0cxx_digit_separators
    Feature record: CXX_FEATURE:1cxx_enum_forward_declarations
    Feature record: CXX_FEATURE:1cxx_explicit_conversions
    Feature record: CXX_FEATURE:1cxx_extended_friend_declarations
    Feature record: CXX_FEATURE:1cxx_extern_templates
    Feature record: CXX_FEATURE:1cxx_final
    Feature record: CXX_FEATURE:1cxx_func_identifier
    Feature record: CXX_FEATURE:1cxx_generalized_initializers
    Feature record: CXX_FEATURE:0cxx_generic_lambdas
    Feature record: CXX_FEATURE:1cxx_inheriting_constructors
    Feature record: CXX_FEATURE:1cxx_inline_namespaces
    Feature record: CXX_FEATURE:1cxx_lambdas
    Feature record: CXX_FEATURE:0cxx_lambda_init_captures
    Feature record: CXX_FEATURE:1cxx_local_type_template_args
    Feature record: CXX_FEATURE:1cxx_long_long_type
    Feature record: CXX_FEATURE:1cxx_noexcept
    Feature record: CXX_FEATURE:1cxx_nonstatic_member_init
    Feature record: CXX_FEATURE:1cxx_nullptr
    Feature record: CXX_FEATURE:1cxx_override
    Feature record: CXX_FEATURE:1cxx_range_for
    Feature record: CXX_FEATURE:1cxx_raw_string_literals
    Feature record: CXX_FEATURE:1cxx_reference_qualified_functions
    Feature record: CXX_FEATURE:0cxx_relaxed_constexpr
    Feature record: CXX_FEATURE:0cxx_return_type_deduction
    Feature record: CXX_FEATURE:1cxx_right_angle_brackets
    Feature record: CXX_FEATURE:1cxx_rvalue_references
    Feature record: CXX_FEATURE:1cxx_sizeof_member
    Feature record: CXX_FEATURE:1cxx_static_assert
    Feature record: CXX_FEATURE:1cxx_strong_enums
    Feature record: CXX_FEATURE:1cxx_template_template_parameters
    Feature record: CXX_FEATURE:1cxx_thread_local
    Feature record: CXX_FEATURE:1cxx_trailing_return_types
    Feature record: CXX_FEATURE:1cxx_unicode_literals
    Feature record: CXX_FEATURE:1cxx_uniform_initialization
    Feature record: CXX_FEATURE:1cxx_unrestricted_unions
    Feature record: CXX_FEATURE:1cxx_user_literals
    Feature record: CXX_FEATURE:0cxx_variable_templates
    Feature record: CXX_FEATURE:1cxx_variadic_macros
    Feature record: CXX_FEATURE:1cxx_variadic_templates


Detecting CXX [-std=c++98] compiler features compiled with the following output:
Change Dir: /root/testbed/test_c++mp2/build/CMakeFiles/CMakeTmp

Run Build Command:"/usr/bin/make" "cmTC_f67bd/fast"
/usr/bin/make -f CMakeFiles/cmTC_f67bd.dir/build.make CMakeFiles/cmTC_f67bd.dir/build
make[1]: Entering directory `/root/testbed/test_c++mp2/build/CMakeFiles/CMakeTmp'
Building CXX object CMakeFiles/cmTC_f67bd.dir/feature_tests.cxx.o
/root/anaconda3/envs/sss/bin/c++     -std=c++98 -o CMakeFiles/cmTC_f67bd.dir/feature_tests.cxx.o -c /root/testbed/test_c++mp2/build/CMakeFiles/feature_tests.cxx
Linking CXX executable cmTC_f67bd
/root/cmake-3.7.1/bin/cmake -E cmake_link_script CMakeFiles/cmTC_f67bd.dir/link.txt --verbose=1
/root/anaconda3/envs/sss/bin/c++        CMakeFiles/cmTC_f67bd.dir/feature_tests.cxx.o  -o cmTC_f67bd -rdynamic 
make[1]: Leaving directory `/root/testbed/test_c++mp2/build/CMakeFiles/CMakeTmp'


    Feature record: CXX_FEATURE:0cxx_aggregate_default_initializers
    Feature record: CXX_FEATURE:0cxx_alias_templates
    Feature record: CXX_FEATURE:0cxx_alignas
    Feature record: CXX_FEATURE:0cxx_alignof
    Feature record: CXX_FEATURE:0cxx_attributes
    Feature record: CXX_FEATURE:0cxx_attribute_deprecated
    Feature record: CXX_FEATURE:0cxx_auto_type
    Feature record: CXX_FEATURE:0cxx_binary_literals
    Feature record: CXX_FEATURE:0cxx_constexpr
    Feature record: CXX_FEATURE:0cxx_contextual_conversions
    Feature record: CXX_FEATURE:0cxx_decltype
    Feature record: CXX_FEATURE:0cxx_decltype_auto
    Feature record: CXX_FEATURE:0cxx_decltype_incomplete_return_types
    Feature record: CXX_FEATURE:0cxx_default_function_template_args
    Feature record: CXX_FEATURE:0cxx_defaulted_functions
    Feature record: CXX_FEATURE:0cxx_defaulted_move_initializers
    Feature record: CXX_FEATURE:0cxx_delegating_constructors
    Feature record: CXX_FEATURE:0cxx_deleted_functions
    Feature record: CXX_FEATURE:0cxx_digit_separators
    Feature record: CXX_FEATURE:0cxx_enum_forward_declarations
    Feature record: CXX_FEATURE:0cxx_explicit_conversions
    Feature record: CXX_FEATURE:0cxx_extended_friend_declarations
    Feature record: CXX_FEATURE:0cxx_extern_templates
    Feature record: CXX_FEATURE:0cxx_final
    Feature record: CXX_FEATURE:0cxx_func_identifier
    Feature record: CXX_FEATURE:0cxx_generalized_initializers
    Feature record: CXX_FEATURE:0cxx_generic_lambdas
    Feature record: CXX_FEATURE:0cxx_inheriting_constructors
    Feature record: CXX_FEATURE:0cxx_inline_namespaces
    Feature record: CXX_FEATURE:0cxx_lambdas
    Feature record: CXX_FEATURE:0cxx_lambda_init_captures
    Feature record: CXX_FEATURE:0cxx_local_type_template_args
    Feature record: CXX_FEATURE:0cxx_long_long_type
    Feature record: CXX_FEATURE:0cxx_noexcept
    Feature record: CXX_FEATURE:0cxx_nonstatic_member_init
    Feature record: CXX_FEATURE:0cxx_nullptr
    Feature record: CXX_FEATURE:0cxx_override
    Feature record: CXX_FEATURE:0cxx_range_for
    Feature record: CXX_FEATURE:0cxx_raw_string_literals
    Feature record: CXX_FEATURE:0cxx_reference_qualified_functions
    Feature record: CXX_FEATURE:0cxx_relaxed_constexpr
    Feature record: CXX_FEATURE:0cxx_return_type_deduction
    Feature record: CXX_FEATURE:0cxx_right_angle_brackets
    Feature record: CXX_FEATURE:0cxx_rvalue_references
    Feature record: CXX_FEATURE:0cxx_sizeof_member
    Feature record: CXX_FEATURE:0cxx_static_assert
    Feature record: CXX_FEATURE:0cxx_strong_enums
    Feature record: CXX_FEATURE:1cxx_template_template_parameters
    Feature record: CXX_FEATURE:0cxx_thread_local
    Feature record: CXX_FEATURE:0cxx_trailing_return_types
    Feature record: CXX_FEATURE:0cxx_unicode_literals
    Feature record: CXX_FEATURE:0cxx_uniform_initialization
    Feature record: CXX_FEATURE:0cxx_unrestricted_unions
    Feature record: CXX_FEATURE:0cxx_user_literals
    Feature record: CXX_FEATURE:0cxx_variable_templates
    Feature record: CXX_FEATURE:0cxx_variadic_macros
    Feature record: CXX_FEATURE:0cxx_variadic_templates
Performing C SOURCE FILE Test OpenMP_FLAG_DETECTED succeeded with the following output:
Change Dir: /root/testbed/test_c++mp2/build/CMakeFiles/CMakeTmp

Run Build Command:"/usr/bin/make" "cmTC_485ae/fast"
/usr/bin/make -f CMakeFiles/cmTC_485ae.dir/build.make CMakeFiles/cmTC_485ae.dir/build
make[1]: Entering directory `/root/testbed/test_c++mp2/build/CMakeFiles/CMakeTmp'
Building C object CMakeFiles/cmTC_485ae.dir/src.c.o
/root/anaconda3/envs/sss/bin/cc    -DOpenMP_FLAG_DETECTED -fopenmp   -o CMakeFiles/cmTC_485ae.dir/src.c.o   -c /root/testbed/test_c++mp2/build/CMakeFiles/CMakeTmp/src.c
Linking C executable cmTC_485ae
/root/cmake-3.7.1/bin/cmake -E cmake_link_script CMakeFiles/cmTC_485ae.dir/link.txt --verbose=1
/root/anaconda3/envs/sss/bin/cc   -DOpenMP_FLAG_DETECTED -fopenmp    CMakeFiles/cmTC_485ae.dir/src.c.o  -o cmTC_485ae -rdynamic 
make[1]: Leaving directory `/root/testbed/test_c++mp2/build/CMakeFiles/CMakeTmp'

Source file was:

#include <omp.h>
int main() {
#ifdef _OPENMP
  return 0;
#else
  breaks_on_purpose
#endif
}

Performing C++ SOURCE FILE Test OpenMP_FLAG_DETECTED succeeded with the following output:
Change Dir: /root/testbed/test_c++mp2/build/CMakeFiles/CMakeTmp

Run Build Command:"/usr/bin/make" "cmTC_0273a/fast"
/usr/bin/make -f CMakeFiles/cmTC_0273a.dir/build.make CMakeFiles/cmTC_0273a.dir/build
make[1]: Entering directory `/root/testbed/test_c++mp2/build/CMakeFiles/CMakeTmp'
Building CXX object CMakeFiles/cmTC_0273a.dir/src.cxx.o
/root/anaconda3/envs/sss/bin/c++     -DOpenMP_FLAG_DETECTED -fopenmp   -o CMakeFiles/cmTC_0273a.dir/src.cxx.o -c /root/testbed/test_c++mp2/build/CMakeFiles/CMakeTmp/src.cxx
Linking CXX executable cmTC_0273a
/root/cmake-3.7.1/bin/cmake -E cmake_link_script CMakeFiles/cmTC_0273a.dir/link.txt --verbose=1
/root/anaconda3/envs/sss/bin/c++    -DOpenMP_FLAG_DETECTED -fopenmp    CMakeFiles/cmTC_0273a.dir/src.cxx.o  -o cmTC_0273a -rdynamic 
make[1]: Leaving directory `/root/testbed/test_c++mp2/build/CMakeFiles/CMakeTmp'

Source file was:

#include <omp.h>
int main() {
#ifdef _OPENMP
  return 0;
#else
  breaks_on_purpose
#endif
}

